
FAILURE: Build failed with an exception.

* What went wrong:
Execution failed for task ':srm-auth:bootRun'.
> Process 'command 'C:\Users\KHLin\.jdks\openjdk-25\bin\java.exe'' finished with non-zero exit value 1

* Try:
> Run with --stacktrace option to get the stack trace.
> Run with --info or --debug option to get more log output.
> Run with --scan to get full insights.
> Get more help at https://help.gradle.org.

BUILD FAILED in 19s
